[INFO] Scanning for projects...
[INFO] 
[INFO] ------------------< com.watchshop:watchshop-backend >-------------------
[INFO] Building watchshop-backend 0.0.1-SNAPSHOT
[INFO]   from pom.xml
[INFO] --------------------------------[ jar ]---------------------------------
[INFO] 
[INFO] >>> spring-boot:4.0.1:run (default-cli) > test-compile @ watchshop-backend >>>
[INFO] 
[INFO] --- resources:3.3.1:resources (default-resources) @ watchshop-backend ---
[INFO] Copying 1 resource from src\main\resources to target\classes
[INFO] Copying 3 resources from src\main\resources to target\classes
[INFO] 
[INFO] --- compiler:3.14.1:compile (default-compile) @ watchshop-backend ---
[INFO] Recompiling the module because of changed source code.
[INFO] Compiling 64 source files with javac [debug parameters release 17] to target\classes
.\mvnw : WARNING: A 
terminally deprecated 
method in 
sun.misc.Unsafe has 
been called
At line:1 char:1
+ .\mvnw 
spring-boot:run > 
run_error.log 2>&1
+ ~~~~~~~~~~~~~~~~~~~~
~~~~~~~~~~~~~~~~~~~~~~
~
    + CategoryInfo    
          : NotSpeci  
  fied: (WARNING: A   
  term...has been     
called:String) []    
, RemoteException
    + FullyQualifiedE 
   rrorId : NativeCo  
  mmandError
 
WARNING: sun.misc.Unsa
fe::objectFieldOffset 
has been called by 
lombok.permit.Permit
WARNING: Please 
consider reporting 
this to the 
maintainers of class 
lombok.permit.Permit
WARNING: sun.misc.Unsa
fe::objectFieldOffset 
will be removed in a 
future release
[INFO] 
[INFO] --- resources:3.3.1:testResources (default-testResources) @ watchshop-backend ---
[INFO] skip non existing resourceDirectory C:\Users\Dell\OneDrive\Desktop\watch-shop\watchshop-backend\src\test\resources
[INFO] 
[INFO] --- compiler:3.14.1:testCompile (default-testCompile) @ watchshop-backend ---
[INFO] Recompiling the module because of changed dependency.
[INFO] Compiling 1 source file with javac [debug parameters release 17] to target\test-classes
[INFO] 
[INFO] <<< spring-boot:4.0.1:run (default-cli) < test-compile @ watchshop-backend <<<
[INFO] 
[INFO] 
[INFO] --- spring-boot:4.0.1:run (default-cli) @ watchshop-backend ---
[INFO] Attaching agents: []

  .   ____          _            __ _ _
 /\\ / ___'_ __ _ _(_)_ __  __ _ \ \ \ \
( ( )\___ | '_ | '_| | '_ \/ _` | \ \ \ \
 \\/  ___)| |_)| | | | | || (_| |  ) ) ) )
  '  |____| .__|_| |_|_| |_\__, | / / / /
 =========|_|==============|___/=/_/_/_/

 :: Spring Boot ::                (v4.0.1)

2026-02-05T10:52:51.711+05:30  INFO 15520 --- [watchshop-backend] [           main] c.w.w.WatchshopBackendApplication        : Starting WatchshopBackendApplication using Java 25.0.1 with PID 15520 (C:\Users\Dell\OneDrive\Desktop\watch-shop\watchshop-backend\target\classes started by Dell in C:\Users\Dell\OneDrive\Desktop\watch-shop\watchshop-backend)
2026-02-05T10:52:51.726+05:30  INFO 15520 --- [watchshop-backend] [           main] c.w.w.WatchshopBackendApplication        : No active profile set, falling back to 1 default profile: "default"
2026-02-05T10:52:52.722+05:30  INFO 15520 --- [watchshop-backend] [           main] .s.d.r.c.RepositoryConfigurationDelegate : Bootstrapping Spring Data JPA repositories in DEFAULT mode.
2026-02-05T10:52:52.804+05:30  INFO 15520 --- [watchshop-backend] [           main] .s.d.r.c.RepositoryConfigurationDelegate : Finished Spring Data repository scanning in 72 ms. Found 7 JPA repository interfaces.
2026-02-05T10:52:53.542+05:30  INFO 15520 --- [watchshop-backend] [           main] o.s.boot.tomcat.TomcatWebServer          : Tomcat initialized with port 8080 (http)
2026-02-05T10:52:53.557+05:30  INFO 15520 --- [watchshop-backend] [           main] o.apache.catalina.core.StandardService   : Starting service [Tomcat]
2026-02-05T10:52:53.558+05:30  INFO 15520 --- [watchshop-backend] [           main] o.apache.catalina.core.StandardEngine    : Starting Servlet engine: [Apache Tomcat/11.0.15]
2026-02-05T10:52:53.631+05:30  INFO 15520 --- [watchshop-backend] [           main] b.w.c.s.WebApplicationContextInitializer : Root WebApplicationContext: initialization completed in 1823 ms
2026-02-05T10:52:53.861+05:30  INFO 15520 --- [watchshop-backend] [           main] org.hibernate.orm.jpa                    : HHH008540: Processing PersistenceUnitInfo [name: default]
2026-02-05T10:52:53.919+05:30  INFO 15520 --- [watchshop-backend] [           main] org.hibernate.orm.core                   : HHH000001: Hibernate ORM core version 7.2.0.Final
2026-02-05T10:52:54.462+05:30  INFO 15520 --- [watchshop-backend] [           main] o.s.o.j.p.SpringPersistenceUnitInfo      : No LoadTimeWeaver setup: ignoring JPA class transformer
2026-02-05T10:52:54.501+05:30  INFO 15520 --- [watchshop-backend] [           main] com.zaxxer.hikari.HikariDataSource       : HikariPool-1 - Starting...
2026-02-05T10:52:54.931+05:30  INFO 15520 --- [watchshop-backend] [           main] com.zaxxer.hikari.pool.HikariPool        : HikariPool-1 - Added connection com.mysql.cj.jdbc.ConnectionImpl@61c58320
2026-02-05T10:52:54.934+05:30  INFO 15520 --- [watchshop-backend] [           main] com.zaxxer.hikari.HikariDataSource       : HikariPool-1 - Start completed.
2026-02-05T10:52:55.030+05:30  INFO 15520 --- [watchshop-backend] [           main] org.hibernate.orm.connections.pooling    : HHH10001005: Database info:
	Database JDBC URL [jdbc:mysql://localhost:3306/watchshop_backend]
	Database driver: MySQL Connector/J
	Database dialect: MySQLDialect
	Database version: 8.0.43
	Default catalog/schema: watchshop_backend/undefined
	Autocommit mode: undefined/unknown
	Isolation level: REPEATABLE_READ [default REPEATABLE_READ]
	JDBC fetch size: none
	Pool: DataSourceConnectionProvider
	Minimum pool size: undefined/unknown
	Maximum pool size: undefined/unknown
2026-02-05T10:52:56.558+05:30  INFO 15520 --- [watchshop-backend] [           main] org.hibernate.orm.core                   : HHH000489: No JTA platform available (set 'hibernate.transaction.jta.platform' to enable JTA platform integration)
2026-02-05T10:52:56.683+05:30  INFO 15520 --- [watchshop-backend] [           main] j.LocalContainerEntityManagerFactoryBean : Initialized JPA EntityManagerFactory for persistence unit 'default'
2026-02-05T10:52:56.819+05:30  INFO 15520 --- [watchshop-backend] [           main] o.s.d.j.r.query.QueryEnhancerFactories   : Hibernate is in classpath; If applicable, HQL parser will be used.
2026-02-05T10:52:57.675+05:30  WARN 15520 --- [watchshop-backend] [           main] JpaBaseConfiguration$JpaWebConfiguration : spring.jpa.open-in-view is enabled by default. Therefore, database queries may be performed during view rendering. Explicitly configure spring.jpa.open-in-view to disable this warning
2026-02-05T10:52:57.841+05:30  WARN 15520 --- [watchshop-backend] [           main] .s.a.UserDetailsServiceAutoConfiguration : 

Using generated security password: 2b6a2ea5-e0b2-4464-ba46-5018ce958f48

This generated password is for development use only. Your security configuration must be updated before running your application in production.

2026-02-05T10:52:57.857+05:30  INFO 15520 --- [watchshop-backend] [           main] r$InitializeUserDetailsManagerConfigurer : Global AuthenticationManager configured with UserDetailsService bean with name inMemoryUserDetailsManager
2026-02-05T10:52:58.642+05:30  WARN 15520 --- [watchshop-backend] [           main] ConfigServletWebServerApplicationContext : Exception encountered during context initialization - cancelling refresh attempt: org.springframework.context.ApplicationContextException: Failed to start bean 'webServerStartStop'
2026-02-05T10:52:58.647+05:30  INFO 15520 --- [watchshop-backend] [           main] j.LocalContainerEntityManagerFactoryBean : Closing JPA EntityManagerFactory for persistence unit 'default'
2026-02-05T10:52:58.651+05:30  INFO 15520 --- [watchshop-backend] [           main] com.zaxxer.hikari.HikariDataSource       : HikariPool-1 - Shutdown initiated...
2026-02-05T10:52:58.667+05:30  INFO 15520 --- [watchshop-backend] [           main] com.zaxxer.hikari.HikariDataSource       : HikariPool-1 - Shutdown completed.
2026-02-05T10:52:58.685+05:30  INFO 15520 --- [watchshop-backend] [           main] .s.b.a.l.ConditionEvaluationReportLogger : 

Error starting ApplicationContext. To display the condition evaluation report re-run your application with 'debug' enabled.
2026-02-05T10:52:58.716+05:30 ERROR 15520 --- [watchshop-backend] [           main] o.s.b.d.LoggingFailureAnalysisReporter   : 

***************************
APPLICATION FAILED TO START
***************************

Description:

Web server failed to start. Port 8080 was already in use.

Action:

Identify and stop the process that's listening on port 8080 or configure this application to listen on another port.

[INFO] ------------------------------------------------------------------------
[INFO] BUILD FAILURE
[INFO] ------------------------------------------------------------------------
[INFO] Total time:  17.241 s
[INFO] Finished at: 2026-02-05T10:52:58+05:30
[INFO] ------------------------------------------------------------------------
[ERROR] Failed to execute goal org.springframework.boot:spring-boot-maven-plugin:4.0.1:run (default-cli) on project watchshop-backend: Process terminated with exit code: 1 -> [Help 1]
[ERROR] 
[ERROR] To see the full stack trace of the errors, re-run Maven with the -e switch.
[ERROR] Re-run Maven using the -X switch to enable full debug logging.
[ERROR] 
[ERROR] For more information about the errors and possible solutions, please read the following articles:
[ERROR] [Help 1] http://cwiki.apache.org/confluence/display/MAVEN/MojoExecutionException
